2025-07-25 13:42:01,683 [INFO] Activator:176 - 


2025-07-25 13:42:01,684 [INFO] Activator:177 - !SESSION log4j initialized
2025-07-25 13:42:02,777 [INFO] LogOutputStream:77 - [STDOUT_REDIRECT] 
2025-07-25 13:42:03,679 [INFO] ApplicationProperties:184 - Using Application install path: /opt/st/stm32cubeide_1.18.0/plugins/com.st.stm32cube.common.mx_6.14.0.202502271554
2025-07-25 13:42:03,691 [INFO] DbMcusXml:78 - Set database path to: /opt/st/stm32cubeide_1.18.0/plugins/com.st.stm32cube.common.mx_6.14.0.202502271554//db//mcu/
2025-07-25 13:42:03,691 [INFO] ApiDb:274 - Set plugin database path to: /opt/st/stm32cubeide_1.18.0/plugins/com.st.stm32cube.common.mx_6.14.0.202502271554//db//plugins/boardmanager/
2025-07-25 13:42:03,691 [WARN] ApiDb:259 - Overriding images path with different value:  => /opt/st/stm32cubeide_1.18.0/plugins/com.st.stm32cube.common.mx_6.14.0.202502271554//db//plugins/mcufinder/images/
2025-07-25 13:42:03,694 [INFO] ApiDb:250 - Set database path to: /home/krushna/.stmcufinder/plugins/mcufinder//mcu/
2025-07-25 13:42:03,694 [INFO] DbMcusAds:125 - Set database path to: /home/krushna/.stmcufinder/plugins/mcufinder//mcu/
2025-07-25 13:42:03,695 [INFO] CrossReferenceDbSqlite:203 - Set database path to: /home/krushna/.stmcufinder/plugins/mcufinder//mcu/cs/
2025-07-25 13:42:03,770 [INFO] RulesReader:64 - Compatibility file has been processed (301 Rules)
2025-07-25 13:42:03,811 [INFO] DbMcusXml:78 - Set database path to: /opt/st/stm32cubeide_1.18.0/plugins/com.st.stm32cube.common.mx_6.14.0.202502271554//db//mcu/
2025-07-25 13:42:03,811 [INFO] ApiDb:274 - Set plugin database path to: /opt/st/stm32cubeide_1.18.0/plugins/com.st.stm32cube.common.mx_6.14.0.202502271554//db//plugins/boardmanager/
2025-07-25 13:42:03,811 [INFO] ApiDb:261 - Set plugin images path to: /opt/st/stm32cubeide_1.18.0/plugins/com.st.stm32cube.common.mx_6.14.0.202502271554//db//plugins/mcufinder/images/
2025-07-25 13:42:03,811 [WARN] DbFile:41 - Overriding database path with different value: /home/krushna/.stmcufinder/plugins/mcufinder/ => /home/krushna/.stmcufinder/plugins/mcufinder
2025-07-25 13:42:03,811 [INFO] ApiDb:250 - Set database path to: /home/krushna/.stmcufinder/plugins/mcufinder//mcu/
2025-07-25 13:42:03,811 [WARN] DbFile:41 - Overriding database path with different value: /home/krushna/.stmcufinder/plugins/mcufinder/ => /home/krushna/.stmcufinder/plugins/mcufinder
2025-07-25 13:42:03,811 [INFO] DbMcusAds:125 - Set database path to: /home/krushna/.stmcufinder/plugins/mcufinder//mcu/
2025-07-25 13:42:03,811 [WARN] DbFile:41 - Overriding database path with different value: /home/krushna/.stmcufinder/plugins/mcufinder/ => /home/krushna/.stmcufinder/plugins/mcufinder
2025-07-25 13:42:03,811 [WARN] DbFile:41 - Overriding database path with different value: /home/krushna/.stmcufinder/plugins/mcufinder/ => /home/krushna/.stmcufinder/plugins/mcufinder
2025-07-25 13:42:03,811 [INFO] CrossReferenceDbSqlite:203 - Set database path to: /home/krushna/.stmcufinder/plugins/mcufinder//mcu/cs/
2025-07-25 13:42:03,848 [INFO] MainPanel:272 - HeapMemory: 268435456
2025-07-25 13:42:03,914 [INFO] DbMcusXml:78 - Set database path to: /opt/st/stm32cubeide_1.18.0/plugins/com.st.stm32cube.common.mx_6.14.0.202502271554//db//mcu/
2025-07-25 13:42:03,914 [INFO] ApiDb:274 - Set plugin database path to: /opt/st/stm32cubeide_1.18.0/plugins/com.st.stm32cube.common.mx_6.14.0.202502271554//db//plugins/boardmanager/
2025-07-25 13:42:03,915 [INFO] ApiDb:261 - Set plugin images path to: /opt/st/stm32cubeide_1.18.0/plugins/com.st.stm32cube.common.mx_6.14.0.202502271554//db//plugins/mcufinder/images/
2025-07-25 13:42:03,915 [WARN] DbFile:41 - Overriding database path with different value: /home/krushna/.stmcufinder/plugins/mcufinder/ => /home/krushna/.stmcufinder/plugins/mcufinder
2025-07-25 13:42:03,915 [INFO] ApiDb:250 - Set database path to: /home/krushna/.stmcufinder/plugins/mcufinder//mcu/
2025-07-25 13:42:03,915 [WARN] DbFile:41 - Overriding database path with different value: /home/krushna/.stmcufinder/plugins/mcufinder/ => /home/krushna/.stmcufinder/plugins/mcufinder
2025-07-25 13:42:03,915 [INFO] DbMcusAds:125 - Set database path to: /home/krushna/.stmcufinder/plugins/mcufinder//mcu/
2025-07-25 13:42:03,915 [WARN] DbFile:41 - Overriding database path with different value: /home/krushna/.stmcufinder/plugins/mcufinder/ => /home/krushna/.stmcufinder/plugins/mcufinder
2025-07-25 13:42:03,915 [WARN] DbFile:41 - Overriding database path with different value: /home/krushna/.stmcufinder/plugins/mcufinder/ => /home/krushna/.stmcufinder/plugins/mcufinder
2025-07-25 13:42:03,915 [INFO] CrossReferenceDbSqlite:203 - Set database path to: /home/krushna/.stmcufinder/plugins/mcufinder//mcu/cs/
2025-07-25 13:42:03,924 [INFO] ApplicationProperties:184 - Using Application install path: /opt/st/stm32cubeide_1.18.0/plugins/com.st.stm32cube.common.mx_6.14.0.202502271554
2025-07-25 13:42:03,926 [INFO] PluginManage:196 - Search for loadable plugins [exclusion list=, ]
2025-07-25 13:42:03,927 [INFO] PluginManage:310 - Check plugin analytics
2025-07-25 13:42:04,046 [INFO] AnalyticsPlugin:253 - Accepted Software Licenses: 
2025-07-25 13:42:04,046 [INFO] AnalyticsPlugin:255 - Accepted CMSIS Pack Licenses: 
2025-07-25 13:42:04,046 [INFO] AnalyticsPlugin:257 - Accepted Firmware Licenses: FW.F4.1.28.0
2025-07-25 13:42:04,047 [INFO] PluginManage:359 - Loaded plugin analytics (category:tool,tabindex:-1)
2025-07-25 13:42:04,047 [INFO] PluginManage:310 - Check plugin cadmodel
2025-07-25 13:42:04,050 [INFO] CADModel:105 - Init CAD model plugin
2025-07-25 13:42:04,051 [INFO] PluginManage:359 - Loaded plugin cadmodel (category:power,tabindex:5)
2025-07-25 13:42:04,051 [INFO] PluginManage:310 - Check plugin clock
2025-07-25 13:42:04,057 [INFO] PluginManage:359 - Loaded plugin clock (category:base,tabindex:2)
2025-07-25 13:42:04,057 [INFO] PluginManage:310 - Check plugin ddr
2025-07-25 13:42:04,059 [INFO] PluginManage:359 - Loaded plugin ddr (category:tool,tabindex:6)
2025-07-25 13:42:04,059 [INFO] PluginManage:310 - Check plugin filemanager
2025-07-25 13:42:04,153 [INFO] PluginManage:359 - Loaded plugin filemanager (category:base,tabindex:10)
2025-07-25 13:42:04,153 [INFO] PluginManage:310 - Check plugin ipmanager
2025-07-25 13:42:04,156 [INFO] PluginManage:359 - Loaded plugin ipmanager (category:base,tabindex:5)
2025-07-25 13:42:04,157 [INFO] PluginManage:310 - Check plugin lpbam
2025-07-25 13:42:04,163 [INFO] PluginManage:359 - Loaded plugin lpbam (category:base,tabindex:0)
2025-07-25 13:42:04,163 [INFO] PluginManage:310 - Check plugin memorymap
2025-07-25 13:42:04,182 [INFO] PluginManage:359 - Loaded plugin memorymap (category:base,tabindex:4)
2025-07-25 13:42:04,182 [INFO] PluginManage:310 - Check plugin pinoutandconfiguration
2025-07-25 13:42:04,187 [INFO] PluginManage:359 - Loaded plugin pinoutandconfiguration (category:base,tabindex:1)
2025-07-25 13:42:04,187 [INFO] PluginManage:310 - Check plugin pinoutconfig
2025-07-25 13:42:04,263 [WARN] SupportedApi:132 - Cannot load RTOS API schema: s4s-elt-must-match.1: The content of 'definitions' must match (annotation?, (simpleType | complexType)?, (unique | key | keyref)*)). A problem was found starting at: attribute.
2025-07-25 13:42:04,327 [INFO] PluginManage:359 - Loaded plugin pinoutconfig (category:base,tabindex:0)
2025-07-25 13:42:04,327 [INFO] PluginManage:310 - Check plugin power
2025-07-25 13:42:04,330 [INFO] PluginManage:359 - Loaded plugin power (category:power,tabindex:4)
2025-07-25 13:42:04,331 [INFO] PluginManage:310 - Check plugin projectmanager
2025-07-25 13:42:04,339 [INFO] PluginManage:359 - Loaded plugin projectmanager (category:projectmanager,tabindex:4)
2025-07-25 13:42:04,339 [INFO] PluginManage:310 - Check plugin rif
2025-07-25 13:42:04,342 [INFO] PluginManage:359 - Loaded plugin rif (category:base,tabindex:3)
2025-07-25 13:42:04,342 [INFO] PluginManage:310 - Check plugin thirdparty
2025-07-25 13:42:04,398 [INFO] PluginManage:359 - Loaded plugin thirdparty (category:base,tabindex:-1)
2025-07-25 13:42:04,398 [INFO] PluginManage:310 - Check plugin tools
2025-07-25 13:42:04,398 [WARN] IntegrityCheckThread:84 - waiting for thirdparty lock release [integrity check]
2025-07-25 13:42:04,398 [INFO] IntegrityCheckThread:86 - entering critical section [integrity check]
2025-07-25 13:42:04,399 [INFO] ThirdPartyUpdaterWithRetryManager:70 - Updater plugin not ready yet. [1/15]
2025-07-25 13:42:04,399 [INFO] PluginManage:359 - Loaded plugin tools (category:base,tabindex:7)
2025-07-25 13:42:04,399 [INFO] PluginManage:310 - Check plugin tutovideos
2025-07-25 13:42:04,474 [INFO] PluginManage:359 - Loaded plugin tutovideos (category:base,tabindex:-1)
2025-07-25 13:42:04,474 [INFO] PluginManage:310 - Check plugin updater
2025-07-25 13:42:04,489 [INFO] PluginManage:359 - Loaded plugin updater (category:base,tabindex:12)
2025-07-25 13:42:04,489 [INFO] PluginManage:310 - Check plugin userauth
2025-07-25 13:42:04,492 [INFO] UserAuth:118 - Init User Auth plugin
2025-07-25 13:42:04,492 [INFO] PluginManage:359 - Loaded plugin userauth (category:base,tabindex:14)
2025-07-25 13:42:04,493 [INFO] PluginManage:283 - PluginManage : Loaded plugins [18]
2025-07-25 13:42:04,575 [INFO] PinOutPanel:1589 - setPackage(No Configuration,No Configuration)
2025-07-25 13:42:04,613 [INFO] CADModel:165 - CPN selected for project level
2025-07-25 13:42:04,614 [INFO] CADModel:114 - Register for checkConnection events
2025-07-25 13:42:04,620 [INFO] IPUIPlugin:80 - create IPUIPlugin
2025-07-25 13:42:04,621 [INFO] PluginManager:220 - loadIPPluginJar : add gic
2025-07-25 13:42:04,629 [INFO] IPUIPlugin:80 - create IPUIPlugin
2025-07-25 13:42:04,629 [INFO] PluginManager:220 - loadIPPluginJar : add stm32_wpan
2025-07-25 13:42:04,630 [INFO] IPUIPlugin:80 - create IPUIPlugin
2025-07-25 13:42:04,630 [INFO] PluginManager:220 - loadIPPluginJar : add genericplugin
2025-07-25 13:42:04,631 [INFO] IPUIPlugin:80 - create IPUIPlugin
2025-07-25 13:42:04,631 [INFO] PluginManager:220 - loadIPPluginJar : add spi
2025-07-25 13:42:04,633 [INFO] IPUIPlugin:80 - create IPUIPlugin
2025-07-25 13:42:04,633 [INFO] PluginManager:220 - loadIPPluginJar : add usart
2025-07-25 13:42:04,635 [INFO] IPUIPlugin:80 - create IPUIPlugin
2025-07-25 13:42:04,635 [INFO] PluginManager:220 - loadIPPluginJar : add extmemmanager
2025-07-25 13:42:04,636 [INFO] IPUIPlugin:80 - create IPUIPlugin
2025-07-25 13:42:04,636 [INFO] PluginManager:220 - loadIPPluginJar : add comp
2025-07-25 13:42:04,637 [INFO] IPUIPlugin:80 - create IPUIPlugin
2025-07-25 13:42:04,637 [INFO] PluginManager:220 - loadIPPluginJar : add i2s
2025-07-25 13:42:04,638 [INFO] IPUIPlugin:80 - create IPUIPlugin
2025-07-25 13:42:04,638 [INFO] PluginManager:220 - loadIPPluginJar : add tim
2025-07-25 13:42:04,640 [INFO] IPUIPlugin:80 - create IPUIPlugin
2025-07-25 13:42:04,640 [INFO] PluginManager:220 - loadIPPluginJar : add touchsensing
2025-07-25 13:42:04,642 [INFO] IPUIPlugin:80 - create IPUIPlugin
2025-07-25 13:42:04,642 [INFO] PluginManager:220 - loadIPPluginJar : add opamp
2025-07-25 13:42:04,645 [INFO] IPUIPlugin:80 - create IPUIPlugin
2025-07-25 13:42:04,646 [INFO] PluginManager:220 - loadIPPluginJar : add dma
2025-07-25 13:42:04,650 [INFO] IPUIPlugin:80 - create IPUIPlugin
2025-07-25 13:42:04,651 [INFO] PluginManager:220 - loadIPPluginJar : add plateformsettings
2025-07-25 13:42:04,653 [INFO] IPUIPlugin:80 - create IPUIPlugin
2025-07-25 13:42:04,654 [INFO] PluginManager:220 - loadIPPluginJar : add i3c
2025-07-25 13:42:04,655 [INFO] IPUIPlugin:80 - create IPUIPlugin
2025-07-25 13:42:04,655 [INFO] PluginManager:220 - loadIPPluginJar : add ddr_ctrl_phy
2025-07-25 13:42:04,657 [INFO] IPUIPlugin:80 - create IPUIPlugin
2025-07-25 13:42:04,657 [INFO] PluginManager:220 - loadIPPluginJar : add ipddr
2025-07-25 13:42:04,658 [INFO] IPUIPlugin:80 - create IPUIPlugin
2025-07-25 13:42:04,658 [INFO] PluginManager:220 - loadIPPluginJar : add ucpd
2025-07-25 13:42:04,660 [INFO] IPUIPlugin:80 - create IPUIPlugin
2025-07-25 13:42:04,660 [INFO] PluginManager:220 - loadIPPluginJar : add aes
2025-07-25 13:42:04,660 [INFO] IPUIPlugin:80 - create IPUIPlugin
2025-07-25 13:42:04,661 [INFO] PluginManager:220 - loadIPPluginJar : add radio
2025-07-25 13:42:04,662 [INFO] IPUIPlugin:80 - create IPUIPlugin
2025-07-25 13:42:04,663 [INFO] PluginManager:220 - loadIPPluginJar : add lorawan
2025-07-25 13:42:04,664 [INFO] IPUIPlugin:80 - create IPUIPlugin
2025-07-25 13:42:04,664 [INFO] PluginManager:220 - loadIPPluginJar : add i2c
2025-07-25 13:42:04,666 [INFO] IPUIPlugin:80 - create IPUIPlugin
2025-07-25 13:42:04,666 [INFO] PluginManager:220 - loadIPPluginJar : add sai
2025-07-25 13:42:04,669 [INFO] IPUIPlugin:80 - create IPUIPlugin
2025-07-25 13:42:04,670 [INFO] PluginManager:220 - loadIPPluginJar : add mdma
2025-07-25 13:42:04,670 [INFO] IPUIPlugin:80 - create IPUIPlugin
2025-07-25 13:42:04,671 [INFO] PluginManager:220 - loadIPPluginJar : add quadspi
2025-07-25 13:42:04,672 [INFO] IPUIPlugin:80 - create IPUIPlugin
2025-07-25 13:42:04,672 [INFO] PluginManager:220 - loadIPPluginJar : add dma3
2025-07-25 13:42:04,673 [INFO] IPUIPlugin:80 - create IPUIPlugin
2025-07-25 13:42:04,673 [INFO] PluginManager:220 - loadIPPluginJar : add gfxmmu
2025-07-25 13:42:04,673 [INFO] IPUIPlugin:80 - create IPUIPlugin
2025-07-25 13:42:04,673 [INFO] PluginManager:220 - loadIPPluginJar : add ltdc
2025-07-25 13:42:04,676 [INFO] IPUIPlugin:80 - create IPUIPlugin
2025-07-25 13:42:04,676 [INFO] PluginManager:220 - loadIPPluginJar : add fmc
2025-07-25 13:42:04,679 [INFO] IPUIPlugin:80 - create IPUIPlugin
2025-07-25 13:42:04,679 [INFO] PluginManager:220 - loadIPPluginJar : add adc
2025-07-25 13:42:04,680 [INFO] IPUIPlugin:80 - create IPUIPlugin
2025-07-25 13:42:04,680 [INFO] PluginManager:220 - loadIPPluginJar : add fatfs
2025-07-25 13:42:04,681 [INFO] IPUIPlugin:80 - create IPUIPlugin
2025-07-25 13:42:04,681 [INFO] PluginManager:220 - loadIPPluginJar : add tsc
2025-07-25 13:42:04,682 [INFO] IPUIPlugin:80 - create IPUIPlugin
2025-07-25 13:42:04,682 [INFO] PluginManager:220 - loadIPPluginJar : add pdm2pcm
2025-07-25 13:42:04,684 [INFO] IPUIPlugin:80 - create IPUIPlugin
2025-07-25 13:42:04,684 [INFO] PluginManager:220 - loadIPPluginJar : add nvic
2025-07-25 13:42:04,685 [INFO] IPUIPlugin:80 - create IPUIPlugin
2025-07-25 13:42:04,685 [INFO] PluginManager:220 - loadIPPluginJar : add cryp
2025-07-25 13:42:04,687 [INFO] IPUIPlugin:80 - create IPUIPlugin
2025-07-25 13:42:04,687 [INFO] PluginManager:220 - loadIPPluginJar : add gpio
2025-07-25 13:42:04,692 [INFO] IPUIPlugin:80 - create IPUIPlugin
2025-07-25 13:42:04,692 [INFO] PluginManager:220 - loadIPPluginJar : add linkedlist
2025-07-25 13:42:04,693 [INFO] IPUIPlugin:80 - create IPUIPlugin
2025-07-25 13:42:04,693 [INFO] PluginManager:220 - loadIPPluginJar : add hash
2025-07-25 13:42:04,694 [INFO] IPUIPlugin:80 - create IPUIPlugin
2025-07-25 13:42:04,694 [INFO] PluginManager:220 - loadIPPluginJar : add openamp
2025-07-25 13:42:04,695 [INFO] IPUIPlugin:80 - create IPUIPlugin
2025-07-25 13:42:04,695 [INFO] PluginManager:220 - loadIPPluginJar : add ts
2025-07-25 13:42:04,696 [INFO] IPUIPlugin:80 - create IPUIPlugin
2025-07-25 13:42:04,696 [INFO] PluginManager:220 - loadIPPluginJar : add can
2025-07-25 13:42:04,697 [INFO] IPUIPlugin:80 - create IPUIPlugin
2025-07-25 13:42:04,698 [INFO] PluginManager:220 - loadIPPluginJar : add gtzc
2025-07-25 13:42:04,698 [INFO] IPUIPlugin:80 - create IPUIPlugin
2025-07-25 13:42:04,698 [INFO] PluginManager:220 - loadIPPluginJar : add tracer_emb
2025-07-25 13:42:04,700 [INFO] IPUIPlugin:80 - create IPUIPlugin
2025-07-25 13:42:04,700 [INFO] PluginManager:220 - loadIPPluginJar : add usbx
2025-07-25 13:42:04,701 [INFO] IPUIPlugin:80 - create IPUIPlugin
2025-07-25 13:42:04,701 [INFO] PluginManager:220 - loadIPPluginJar : add dfsdm
2025-07-25 13:42:04,704 [INFO] IPUIPlugin:80 - create IPUIPlugin
2025-07-25 13:42:04,704 [INFO] PluginManager:220 - loadIPPluginJar : add freertos
2025-07-25 13:42:04,706 [INFO] IPUIPlugin:80 - create IPUIPlugin
2025-07-25 13:42:04,706 [INFO] PluginManager:220 - loadIPPluginJar : add resmgrutility
2025-07-25 13:42:04,797 [FATAL] Updater:351 - Updater called before beeing initialized
2025-07-25 13:42:04,812 [INFO] RulesReader:64 - Compatibility file has been processed (301 Rules)
2025-07-25 13:42:04,818 [INFO] RulesReader:64 - Compatibility file has been processed (301 Rules)
2025-07-25 13:42:04,822 [INFO] CADModel:165 - CPN selected for project level
2025-07-25 13:42:04,822 [INFO] CADModel:114 - Register for checkConnection events
2025-07-25 13:42:04,822 [FATAL] Updater:351 - Updater called before beeing initialized
2025-07-25 13:42:04,822 [ERROR] CADModel:125 - Updater not yet initialized, retry later 
2025-07-25 13:42:04,891 [FATAL] Updater:351 - Updater called before beeing initialized
2025-07-25 13:42:04,891 [INFO] CADModel:165 - CPN selected for project level
2025-07-25 13:42:04,892 [INFO] CADModel:114 - Register for checkConnection events
2025-07-25 13:42:04,892 [FATAL] Updater:351 - Updater called before beeing initialized
2025-07-25 13:42:04,892 [ERROR] CADModel:125 - Updater not yet initialized, retry later 
2025-07-25 13:42:04,893 [FATAL] Updater:351 - Updater called before beeing initialized
2025-07-25 13:42:04,936 [FATAL] Updater:351 - Updater called before beeing initialized
2025-07-25 13:42:04,938 [INFO] DbMcusAds:53 - JSON generation date=Tue Jul 08 13:44:23 IST 2025 (1751962463562)
2025-07-25 13:42:04,938 [FATAL] Updater:351 - Updater called before beeing initialized
2025-07-25 13:42:04,956 [WARN] DetailPanel:346 - Failed to get advertising image, set to default
2025-07-25 13:42:05,101 [FATAL] Updater:351 - Updater called before beeing initialized
2025-07-25 13:42:05,102 [FATAL] Updater:351 - Updater called before beeing initialized
2025-07-25 13:42:05,102 [FATAL] Updater:351 - Updater called before beeing initialized
2025-07-25 13:42:05,102 [WARN] DetailPanel:346 - Failed to get advertising image, set to default
2025-07-25 13:42:05,103 [FATAL] Updater:351 - Updater called before beeing initialized
2025-07-25 13:42:05,127 [ERROR] Updater:1198 - MainUpdater not yet initialized. External WinMGr cannot be set.
2025-07-25 13:42:05,128 [INFO] Updater:1134 - Updater Version found : 6.14.0
2025-07-25 13:42:05,138 [INFO] ApplicationProperties:184 - Using Application install path: /opt/st/stm32cubeide_1.18.0/plugins/com.st.stm32cube.common.mx_6.14.0.202502271554
2025-07-25 13:42:05,144 [ERROR] LogOutputStream:75 - [STDERR_REDIRECT] Jul 25, 2025 1:42:05 PM java.util.prefs.FileSystemPreferences$2 run
2025-07-25 13:42:05,144 [ERROR] LogOutputStream:75 - [STDERR_REDIRECT] WARNING: Could not create system preferences directory. System preferences are unusable.
2025-07-25 13:42:05,144 [ERROR] LogOutputStream:75 - [STDERR_REDIRECT] 
2025-07-25 13:42:05,289 [INFO] MainUpdater:2872 - connection check result : 10
2025-07-25 13:42:05,290 [INFO] MainUpdater:289 - Updater Check For Update Now.
2025-07-25 13:42:05,290 [INFO] MicroXplorer:498 - Change Database Version : DB.6.0.140
2025-07-25 13:42:05,293 [INFO] McuFinderGlobals:63 - Set McuFinder mode to 2 (CubeIDE integrated)
2025-07-25 13:42:05,293 [INFO] UserAuth:486 - Internet connection configuration mode: 1
2025-07-25 13:42:05,301 [INFO] JxBrowserEngine:152 - Initiate JxBrowser Engine with user profile folder
2025-07-25 13:42:05,444 [INFO] CheckServerUpdateThread:120 - End of CheckServer Thread
2025-07-25 13:42:05,671 [INFO] WebApp:169 - Instantiating new browser for Auth
2025-07-25 13:42:06,033 [INFO] WebApp:463 - Apply proxy settings
2025-07-25 13:42:06,033 [INFO] WebApp:548 - Chromium requires no authentication
2025-07-25 13:42:06,037 [INFO] WebApp:491 - Direct internet connection detected
2025-07-25 13:42:06,046 [INFO] WebApp:894 - Register for checkConnection events
2025-07-25 13:42:06,046 [INFO] WebApp:463 - Apply proxy settings
2025-07-25 13:42:06,046 [INFO] WebApp:548 - Chromium requires no authentication
2025-07-25 13:42:06,046 [INFO] WebApp:491 - Direct internet connection detected
2025-07-25 13:42:06,117 [INFO] WebApp:225 - Starting web application
2025-07-25 13:42:06,117 [INFO] WebApp:593 - Web application path used /opt/st/stm32cubeide_1.18.0/plugins/com.st.stm32cube.common.mx_6.14.0.202502271554/db/plugins/mcufinder/reactClient1/index.html
2025-07-25 13:42:06,173 [INFO] UserAuth:486 - Internet connection configuration mode: 1
2025-07-25 13:42:06,319 [INFO] WebApp:191 - Connection restablished
2025-07-25 13:42:07,455 [WARN] PackLoader:240 - Cannot read IP mode file for STMicroelectronics.FP-SNS-MOTENVWB1.1.4.0
2025-07-25 13:42:07,461 [WARN] PackLoader:240 - Cannot read IP mode file for STMicroelectronics.X-CUBE-SMBUS.2.1.0
2025-07-25 13:42:07,468 [WARN] PackLoader:240 - Cannot read IP mode file for STMicroelectronics.X-CUBE-WB05N.1.1.0
2025-07-25 13:42:07,488 [WARN] PackLoader:240 - Cannot read IP mode file for STMicroelectronics.X-CUBE-AZRTOS-F7.1.1.0
2025-07-25 13:42:07,522 [WARN] PackLoader:240 - Cannot read IP mode file for Infineon.AIROC-Wi-Fi-Bluetooth-STM32.1.7.0
2025-07-25 13:42:07,548 [WARN] PackLoader:240 - Cannot read IP mode file for STMicroelectronics.X-CUBE-AZRTOS-H7.3.4.0
2025-07-25 13:42:07,558 [WARN] PackLoader:240 - Cannot read IP mode file for STMicroelectronics.X-CUBE-DISPLAY.3.0.0
2025-07-25 13:42:07,568 [WARN] PackLoader:240 - Cannot read IP mode file for STMicroelectronics.X-CUBE-NFC10.1.0.0
2025-07-25 13:42:07,578 [WARN] PackLoader:240 - Cannot read IP mode file for STMicroelectronics.X-CUBE-BLEMGR.4.0.0
2025-07-25 13:42:07,584 [WARN] ConditionMgr:438 - getConditionDescription Invalid condition id : Cortex-A Device cause : null
2025-07-25 13:42:07,594 [WARN] ConditionMgr:1044 - genDependencies : Invalid condition id : Cortex-A Device cause : null
2025-07-25 13:42:07,594 [WARN] ConditionMgr:1044 - genDependencies : Invalid condition id : Cortex-A Device cause : null
2025-07-25 13:42:07,594 [WARN] ConditionMgr:1044 - genDependencies : Invalid condition id : Cortex-A Device cause : null
2025-07-25 13:42:07,598 [WARN] PackLoader:240 - Cannot read IP mode file for STMicroelectronics.X-CUBE-AI.10.0.0
2025-07-25 13:42:07,602 [WARN] PackLoader:240 - Cannot read IP mode file for STMicroelectronics.FP-SNS-SMARTAG2.1.2.0
2025-07-25 13:42:07,641 [WARN] PackLoader:240 - Cannot read IP mode file for STMicroelectronics.X-CUBE-MEMS1.11.1.0
2025-07-25 13:42:07,783 [INFO] LogOutputStream:77 - [STDOUT_REDIRECT] 1 : Invalid condition id : UX_CORESTACK_Condition cause : null
2025-07-25 13:42:07,785 [INFO] LogOutputStream:77 - [STDOUT_REDIRECT] 1 : Invalid condition id : UX_CORESTACK_Condition cause : null
2025-07-25 13:42:07,785 [INFO] LogOutputStream:77 - [STDOUT_REDIRECT] 1 : Invalid condition id : UX_CORESTACK_Condition cause : null
2025-07-25 13:42:07,786 [INFO] LogOutputStream:77 - [STDOUT_REDIRECT] 1 : Invalid condition id : UX_CORESTACK_Condition cause : null
2025-07-25 13:42:07,786 [INFO] LogOutputStream:77 - [STDOUT_REDIRECT] 1 : Invalid condition id : UX_CORESTACK_Condition cause : null
2025-07-25 13:42:07,790 [WARN] PackLoader:240 - Cannot read IP mode file for STMicroelectronics.X-CUBE-AZRTOS-WL.2.0.0
2025-07-25 13:42:07,796 [WARN] PackLoader:240 - Cannot read IP mode file for STMicroelectronics.FP-SNS-MOTENV1.5.0.0
2025-07-25 13:42:07,804 [WARN] PackLoader:240 - Cannot read IP mode file for WES.I-CUBE-Cesium.1.3.0
2025-07-25 13:42:07,808 [WARN] PackLoader:240 - Cannot read IP mode file for STMicroelectronics.X-CUBE-BLE2.3.3.0
2025-07-25 13:42:07,811 [WARN] PackLoader:240 - Cannot read IP mode file for STMicroelectronics.X-CUBE-NFC9.1.0.0
2025-07-25 13:42:07,816 [WARN] PackLoader:240 - Cannot read IP mode file for wolfSSL.I-CUBE-wolfMQTT.1.19.2
2025-07-25 13:42:07,820 [WARN] PackLoader:240 - Cannot read IP mode file for STMicroelectronics.X-CUBE-EEPRMA1.5.2.0
2025-07-25 13:42:07,847 [WARN] PackLoader:240 - Cannot read IP mode file for STMicroelectronics.X-CUBE-MEMS1.11.2.0
2025-07-25 13:42:07,893 [WARN] PackLoader:240 - Cannot read IP mode file for STMicroelectronics.X-CUBE-AZRTOS-G0.1.1.0
2025-07-25 13:42:07,896 [WARN] PackLoader:240 - Cannot read IP mode file for STMicroelectronics.X-CUBE-SAFEA1.1.2.2
2025-07-25 13:42:07,899 [WARN] PackLoader:240 - Cannot read IP mode file for STMicroelectronics.X-CUBE-NFC4.3.0.0
2025-07-25 13:42:07,902 [WARN] PackLoader:240 - Cannot read IP mode file for EmbeddedOffice.I-CUBE-FS-RTOS.1.0.1
2025-07-25 13:42:07,904 [WARN] PackLoader:240 - Cannot read IP mode file for wolfSSL.I-CUBE-wolfTPM.3.8.0
2025-07-25 13:42:07,906 [WARN] PackLoader:240 - Cannot read IP mode file for STMicroelectronics.X-CUBE-TCPP.4.2.0
2025-07-25 13:42:07,909 [WARN] PackLoader:240 - Cannot read IP mode file for RealThread.X-CUBE-RT-Thread_Nano.4.1.1
2025-07-25 13:42:07,910 [WARN] PackLoader:240 - Cannot read IP mode file for STMicroelectronics.FP-ATR-SIGFOX1.3.2.0
2025-07-25 13:42:07,913 [WARN] PackLoader:240 - Cannot read IP mode file for STMicroelectronics.X-CUBE-EEPRMA1.5.1.0
2025-07-25 13:42:07,916 [WARN] PackLoader:240 - Cannot read IP mode file for wolfSSL.I-CUBE-wolfSSL.5.7.6
2025-07-25 13:42:07,919 [WARN] PackLoader:240 - Cannot read IP mode file for STMicroelectronics.X-CUBE-ST67W61.1.0.0
2025-07-25 13:42:07,930 [WARN] PackLoader:240 - Cannot read IP mode file for SEGGER.I-CUBE-embOS.1.3.1
2025-07-25 13:42:07,950 [WARN] PackLoader:240 - Cannot read IP mode file for STMicroelectronics.X-CUBE-ALGOBUILD.1.4.0
2025-07-25 13:42:07,968 [WARN] PackLoader:240 - Cannot read IP mode file for STMicroelectronics.X-CUBE-MEMS1.11.3.0
2025-07-25 13:42:08,009 [WARN] PackLoader:240 - Cannot read IP mode file for STMicroelectronics.X-CUBE-PM33A1.1.0.0
2025-07-25 13:42:08,015 [WARN] PackLoader:240 - Cannot read IP mode file for STMicroelectronics.X-CUBE-AZRTOS-F4.1.1.0
2025-07-25 13:42:08,017 [WARN] PackLoader:240 - Cannot read IP mode file for Avnet-IotConnect.X-CUBE-IoTC-DA16k-PMOD.1.0.0
2025-07-25 13:42:08,019 [WARN] PackLoader:240 - Cannot read IP mode file for STMicroelectronics.X-CUBE-ISPU.2.1.0
2025-07-25 13:42:08,022 [WARN] PackLoader:240 - Cannot read IP mode file for STMicroelectronics.X-CUBE-NFC12.1.0.0
2025-07-25 13:42:08,029 [WARN] PackLoader:240 - Cannot read IP mode file for STMicroelectronics.X-CUBE-AZRTOS-L5.2.0.0
2025-07-25 13:42:08,033 [WARN] PackLoader:240 - Cannot read IP mode file for STMicroelectronics.X-CUBE-NFC6.3.1.0
2025-07-25 13:42:08,036 [WARN] PackLoader:240 - Cannot read IP mode file for STMicroelectronics.X-CUBE-DPower.1.2.0
2025-07-25 13:42:08,038 [WARN] PackLoader:240 - Cannot read IP mode file for STMicroelectronics.X-CUBE-FREERTOS.1.3.0
2025-07-25 13:42:08,041 [WARN] PackLoader:240 - Cannot read IP mode file for STMicroelectronics.X-CUBE-NFC7.1.0.1
2025-07-25 13:42:08,043 [WARN] PackLoader:240 - Cannot read IP mode file for STMicroelectronics.FP-SNS-STAIOTCFT.1.0.0
2025-07-25 13:42:08,046 [WARN] PackLoader:240 - Cannot read IP mode file for STMicroelectronics.X-CUBE-DPower.1.3.0
2025-07-25 13:42:08,052 [WARN] ConditionMgr:438 - getConditionDescription Invalid condition id : LAN8742 Phy interface Condition cause : null
2025-07-25 13:42:08,052 [WARN] PackLoader:240 - Cannot read IP mode file for STMicroelectronics.X-CUBE-AZRTOS-L4.2.0.0
2025-07-25 13:42:08,053 [WARN] ConditionMgr:1044 - genDependencies : Invalid condition id : LAN8742 Phy interface Condition cause : null
2025-07-25 13:42:08,053 [WARN] ConditionMgr:1044 - genDependencies : Invalid condition id : LAN8742 Phy interface Condition cause : null
2025-07-25 13:42:08,053 [WARN] ConditionMgr:1044 - genDependencies : Invalid condition id : LAN8742 Phy interface Condition cause : null
2025-07-25 13:42:08,057 [WARN] PackLoader:240 - Cannot read IP mode file for STMicroelectronics.X-CUBE-SFXS2LP1.4.0.0
2025-07-25 13:42:08,070 [WARN] PackLoader:240 - Cannot read IP mode file for STMicroelectronics.X-CUBE-AZRTOS-H7.3.3.0
2025-07-25 13:42:08,081 [WARN] PackLoader:240 - Cannot read IP mode file for STMicroelectronics.X-CUBE-BLEMGR.4.1.0
2025-07-25 13:42:08,098 [WARN] ConditionMgr:438 - getConditionDescription Invalid condition id : UX DEVICE CLASS RTOS Condition cause : null
2025-07-25 13:42:08,098 [WARN] ConditionMgr:438 - getConditionDescription Invalid condition id : UX DEVICE CLASS RTOS Condition cause : null
2025-07-25 13:42:08,100 [WARN] PackLoader:240 - Cannot read IP mode file for STMicroelectronics.X-CUBE-AZRTOS-WB.2.0.0
2025-07-25 13:42:08,100 [WARN] ConditionMgr:1044 - genDependencies : Invalid condition id : UX DEVICE CLASS RTOS Condition cause : null
2025-07-25 13:42:08,100 [WARN] ConditionMgr:1044 - genDependencies : Invalid condition id : UX DEVICE CLASS RTOS Condition cause : null
2025-07-25 13:42:08,101 [WARN] ConditionMgr:1044 - genDependencies : Invalid condition id : UX DEVICE CLASS RTOS Condition cause : null
2025-07-25 13:42:08,101 [WARN] ConditionMgr:1044 - genDependencies : Invalid condition id : UX DEVICE CLASS RTOS Condition cause : null
2025-07-25 13:42:08,101 [WARN] ConditionMgr:1044 - genDependencies : Invalid condition id : UX DEVICE CLASS RTOS Condition cause : null
2025-07-25 13:42:08,106 [WARN] PackLoader:240 - Cannot read IP mode file for STMicroelectronics.X-CUBE-GNSS1.7.0.1
2025-07-25 13:42:08,110 [WARN] PackLoader:240 - Cannot read IP mode file for STMicroelectronics.X-CUBE-TOUCHGFX.4.25.0
2025-07-25 13:42:08,114 [WARN] PackLoader:240 - Cannot read IP mode file for STMicroelectronics.FP-SNS-STBOX1.2.0.0
2025-07-25 13:42:08,122 [WARN] PackLoader:240 - Cannot read IP mode file for STMicroelectronics.X-CUBE-SUBG2.5.0.0
2025-07-25 13:42:08,130 [WARN] PackLoader:240 - Cannot read IP mode file for STMicroelectronics.X-CUBE-AZRTOS-H7RS.1.1.0
2025-07-25 13:42:08,132 [WARN] PackLoader:240 - Cannot read IP mode file for Cesanta.I-CUBE-Mongoose.7.13.0
2025-07-25 13:42:08,137 [WARN] PackLoader:240 - Cannot read IP mode file for STMicroelectronics.X-CUBE-AZRTOS-G4.2.0.0
2025-07-25 13:42:08,140 [WARN] PackLoader:240 - Cannot read IP mode file for wolfSSL.I-CUBE-wolfSSH.1.4.20
2025-07-25 13:42:08,143 [WARN] PackLoader:240 - Cannot read IP mode file for STMicroelectronics.X-CUBE-IPS.3.1.0
2025-07-25 13:42:08,148 [WARN] PackLoader:240 - Cannot read IP mode file for STMicroelectronics.X-CUBE-ALS.1.0.2
2025-07-25 13:42:08,152 [WARN] PackLoader:240 - Cannot read IP mode file for portGmbH.I-Cube-SoM-uGOAL.1.1.0
2025-07-25 13:42:08,157 [WARN] PackLoader:240 - Cannot read IP mode file for STMicroelectronics.X-CUBE-TOF1.3.4.2
2025-07-25 13:42:08,164 [INFO] ThirdParty:978 - Integrity check success = true
2025-07-25 13:42:08,164 [INFO] IntegrityCheckThread:100 - exiting critical section [integrity check]
2025-07-25 13:42:08,165 [INFO] IntegrityCheckThread:103 - End integrity checks thread
2025-07-25 13:42:33,063 [ERROR] LogOutputStream:75 - [STDERR_REDIRECT] Jul 25, 2025 1:42:33 PM java.util.prefs.FileSystemPreferences checkLockFile0ErrorCode
2025-07-25 13:42:33,064 [ERROR] LogOutputStream:75 - [STDERR_REDIRECT] WARNING: Could not lock System prefs. Unix error code 2.
2025-07-25 13:42:33,064 [ERROR] LogOutputStream:75 - [STDERR_REDIRECT] 
2025-07-25 13:42:33,064 [ERROR] LogOutputStream:75 - [STDERR_REDIRECT] Jul 25, 2025 1:42:33 PM java.util.prefs.FileSystemPreferences syncWorld
2025-07-25 13:42:33,064 [ERROR] LogOutputStream:75 - [STDERR_REDIRECT] WARNING: Couldn't flush system prefs: java.util.prefs.BackingStoreException: Couldn't get file lock.
2025-07-25 13:42:33,064 [ERROR] LogOutputStream:75 - [STDERR_REDIRECT] 
2025-07-25 13:43:03,055 [ERROR] LogOutputStream:75 - [STDERR_REDIRECT] Jul 25, 2025 1:43:03 PM java.util.prefs.FileSystemPreferences checkLockFile0ErrorCode
2025-07-25 13:43:03,056 [ERROR] LogOutputStream:75 - [STDERR_REDIRECT] WARNING: Could not lock System prefs. Unix error code 2.
2025-07-25 13:43:03,056 [ERROR] LogOutputStream:75 - [STDERR_REDIRECT] 
2025-07-25 13:43:03,057 [ERROR] LogOutputStream:75 - [STDERR_REDIRECT] Jul 25, 2025 1:43:03 PM java.util.prefs.FileSystemPreferences syncWorld
2025-07-25 13:43:03,058 [ERROR] LogOutputStream:75 - [STDERR_REDIRECT] WARNING: Couldn't flush system prefs: java.util.prefs.BackingStoreException: Couldn't get file lock.
2025-07-25 13:43:03,058 [ERROR] LogOutputStream:75 - [STDERR_REDIRECT] 
2025-07-25 13:43:33,056 [ERROR] LogOutputStream:75 - [STDERR_REDIRECT] Jul 25, 2025 1:43:33 PM java.util.prefs.FileSystemPreferences checkLockFile0ErrorCode
2025-07-25 13:43:33,056 [ERROR] LogOutputStream:75 - [STDERR_REDIRECT] WARNING: Could not lock System prefs. Unix error code 2.
2025-07-25 13:43:33,057 [ERROR] LogOutputStream:75 - [STDERR_REDIRECT] 
2025-07-25 13:43:33,058 [ERROR] LogOutputStream:75 - [STDERR_REDIRECT] Jul 25, 2025 1:43:33 PM java.util.prefs.FileSystemPreferences syncWorld
2025-07-25 13:43:33,058 [ERROR] LogOutputStream:75 - [STDERR_REDIRECT] WARNING: Couldn't flush system prefs: java.util.prefs.BackingStoreException: Couldn't get file lock.
2025-07-25 13:43:33,059 [ERROR] LogOutputStream:75 - [STDERR_REDIRECT] 
2025-07-25 13:44:03,052 [ERROR] LogOutputStream:75 - [STDERR_REDIRECT] Jul 25, 2025 1:44:03 PM java.util.prefs.FileSystemPreferences checkLockFile0ErrorCode
2025-07-25 13:44:03,053 [ERROR] LogOutputStream:75 - [STDERR_REDIRECT] WARNING: Could not lock System prefs. Unix error code 2.
2025-07-25 13:44:03,053 [ERROR] LogOutputStream:75 - [STDERR_REDIRECT] 
2025-07-25 13:44:03,054 [ERROR] LogOutputStream:75 - [STDERR_REDIRECT] Jul 25, 2025 1:44:03 PM java.util.prefs.FileSystemPreferences syncWorld
2025-07-25 13:44:03,055 [ERROR] LogOutputStream:75 - [STDERR_REDIRECT] WARNING: Couldn't flush system prefs: java.util.prefs.BackingStoreException: Couldn't get file lock.
2025-07-25 13:44:03,055 [ERROR] LogOutputStream:75 - [STDERR_REDIRECT] 
2025-07-25 13:44:33,055 [ERROR] LogOutputStream:75 - [STDERR_REDIRECT] Jul 25, 2025 1:44:33 PM java.util.prefs.FileSystemPreferences checkLockFile0ErrorCode
2025-07-25 13:44:33,055 [ERROR] LogOutputStream:75 - [STDERR_REDIRECT] WARNING: Could not lock System prefs. Unix error code 2.
2025-07-25 13:44:33,056 [ERROR] LogOutputStream:75 - [STDERR_REDIRECT] 
2025-07-25 13:44:33,056 [ERROR] LogOutputStream:75 - [STDERR_REDIRECT] Jul 25, 2025 1:44:33 PM java.util.prefs.FileSystemPreferences syncWorld
2025-07-25 13:44:33,057 [ERROR] LogOutputStream:75 - [STDERR_REDIRECT] WARNING: Couldn't flush system prefs: java.util.prefs.BackingStoreException: Couldn't get file lock.
2025-07-25 13:44:33,057 [ERROR] LogOutputStream:75 - [STDERR_REDIRECT] 
2025-07-25 13:45:03,052 [ERROR] LogOutputStream:75 - [STDERR_REDIRECT] Jul 25, 2025 1:45:03 PM java.util.prefs.FileSystemPreferences checkLockFile0ErrorCode
2025-07-25 13:45:03,053 [ERROR] LogOutputStream:75 - [STDERR_REDIRECT] WARNING: Could not lock System prefs. Unix error code 2.
2025-07-25 13:45:03,053 [ERROR] LogOutputStream:75 - [STDERR_REDIRECT] 
2025-07-25 13:45:03,053 [ERROR] LogOutputStream:75 - [STDERR_REDIRECT] Jul 25, 2025 1:45:03 PM java.util.prefs.FileSystemPreferences syncWorld
2025-07-25 13:45:03,053 [ERROR] LogOutputStream:75 - [STDERR_REDIRECT] WARNING: Couldn't flush system prefs: java.util.prefs.BackingStoreException: Couldn't get file lock.
2025-07-25 13:45:03,053 [ERROR] LogOutputStream:75 - [STDERR_REDIRECT] 
2025-07-25 13:45:33,063 [ERROR] LogOutputStream:75 - [STDERR_REDIRECT] Jul 25, 2025 1:45:33 PM java.util.prefs.FileSystemPreferences checkLockFile0ErrorCode
2025-07-25 13:45:33,063 [ERROR] LogOutputStream:75 - [STDERR_REDIRECT] WARNING: Could not lock System prefs. Unix error code 2.
2025-07-25 13:45:33,063 [ERROR] LogOutputStream:75 - [STDERR_REDIRECT] 
2025-07-25 13:45:33,064 [ERROR] LogOutputStream:75 - [STDERR_REDIRECT] Jul 25, 2025 1:45:33 PM java.util.prefs.FileSystemPreferences syncWorld
2025-07-25 13:45:33,064 [ERROR] LogOutputStream:75 - [STDERR_REDIRECT] WARNING: Couldn't flush system prefs: java.util.prefs.BackingStoreException: Couldn't get file lock.
2025-07-25 13:45:33,064 [ERROR] LogOutputStream:75 - [STDERR_REDIRECT] 
