2025-07-28 16:32:43,409 [INFO] Activator:176 - 


2025-07-28 16:32:43,412 [INFO] Activator:177 - !SESSION log4j initialized
2025-07-28 16:32:45,927 [INFO] LogOutputStream:77 - [STDOUT_REDIRECT] 
2025-07-28 16:32:46,213 [INFO] ApplicationProperties:184 - Using Application install path: /opt/st/stm32cubeide_1.18.0/plugins/com.st.stm32cube.common.mx_6.14.0.202502271554
2025-07-28 16:32:46,226 [INFO] DbMcusXml:78 - Set database path to: /opt/st/stm32cubeide_1.18.0/plugins/com.st.stm32cube.common.mx_6.14.0.202502271554//db//mcu/
2025-07-28 16:32:46,226 [INFO] ApiDb:274 - Set plugin database path to: /opt/st/stm32cubeide_1.18.0/plugins/com.st.stm32cube.common.mx_6.14.0.202502271554//db//plugins/boardmanager/
2025-07-28 16:32:46,227 [WARN] ApiDb:259 - Overriding images path with different value:  => /opt/st/stm32cubeide_1.18.0/plugins/com.st.stm32cube.common.mx_6.14.0.202502271554//db//plugins/mcufinder/images/
2025-07-28 16:32:46,230 [INFO] ApiDb:250 - Set database path to: /home/krushna/.stmcufinder/plugins/mcufinder//mcu/
2025-07-28 16:32:46,231 [INFO] DbMcusAds:125 - Set database path to: /home/krushna/.stmcufinder/plugins/mcufinder//mcu/
2025-07-28 16:32:46,232 [INFO] CrossReferenceDbSqlite:203 - Set database path to: /home/krushna/.stmcufinder/plugins/mcufinder//mcu/cs/
2025-07-28 16:32:46,311 [INFO] RulesReader:64 - Compatibility file has been processed (301 Rules)
2025-07-28 16:32:46,348 [INFO] DbMcusXml:78 - Set database path to: /opt/st/stm32cubeide_1.18.0/plugins/com.st.stm32cube.common.mx_6.14.0.202502271554//db//mcu/
2025-07-28 16:32:46,348 [INFO] ApiDb:274 - Set plugin database path to: /opt/st/stm32cubeide_1.18.0/plugins/com.st.stm32cube.common.mx_6.14.0.202502271554//db//plugins/boardmanager/
2025-07-28 16:32:46,349 [INFO] ApiDb:261 - Set plugin images path to: /opt/st/stm32cubeide_1.18.0/plugins/com.st.stm32cube.common.mx_6.14.0.202502271554//db//plugins/mcufinder/images/
2025-07-28 16:32:46,349 [WARN] DbFile:41 - Overriding database path with different value: /home/krushna/.stmcufinder/plugins/mcufinder/ => /home/krushna/.stmcufinder/plugins/mcufinder
2025-07-28 16:32:46,349 [INFO] ApiDb:250 - Set database path to: /home/krushna/.stmcufinder/plugins/mcufinder//mcu/
2025-07-28 16:32:46,349 [WARN] DbFile:41 - Overriding database path with different value: /home/krushna/.stmcufinder/plugins/mcufinder/ => /home/krushna/.stmcufinder/plugins/mcufinder
2025-07-28 16:32:46,349 [INFO] DbMcusAds:125 - Set database path to: /home/krushna/.stmcufinder/plugins/mcufinder//mcu/
2025-07-28 16:32:46,349 [WARN] DbFile:41 - Overriding database path with different value: /home/krushna/.stmcufinder/plugins/mcufinder/ => /home/krushna/.stmcufinder/plugins/mcufinder
2025-07-28 16:32:46,349 [WARN] DbFile:41 - Overriding database path with different value: /home/krushna/.stmcufinder/plugins/mcufinder/ => /home/krushna/.stmcufinder/plugins/mcufinder
2025-07-28 16:32:46,349 [INFO] CrossReferenceDbSqlite:203 - Set database path to: /home/krushna/.stmcufinder/plugins/mcufinder//mcu/cs/
2025-07-28 16:32:46,388 [INFO] MainPanel:272 - HeapMemory: 268435456
2025-07-28 16:32:46,457 [INFO] DbMcusXml:78 - Set database path to: /opt/st/stm32cubeide_1.18.0/plugins/com.st.stm32cube.common.mx_6.14.0.202502271554//db//mcu/
2025-07-28 16:32:46,457 [INFO] ApiDb:274 - Set plugin database path to: /opt/st/stm32cubeide_1.18.0/plugins/com.st.stm32cube.common.mx_6.14.0.202502271554//db//plugins/boardmanager/
2025-07-28 16:32:46,457 [INFO] ApiDb:261 - Set plugin images path to: /opt/st/stm32cubeide_1.18.0/plugins/com.st.stm32cube.common.mx_6.14.0.202502271554//db//plugins/mcufinder/images/
2025-07-28 16:32:46,457 [WARN] DbFile:41 - Overriding database path with different value: /home/krushna/.stmcufinder/plugins/mcufinder/ => /home/krushna/.stmcufinder/plugins/mcufinder
2025-07-28 16:32:46,457 [INFO] ApiDb:250 - Set database path to: /home/krushna/.stmcufinder/plugins/mcufinder//mcu/
2025-07-28 16:32:46,457 [WARN] DbFile:41 - Overriding database path with different value: /home/krushna/.stmcufinder/plugins/mcufinder/ => /home/krushna/.stmcufinder/plugins/mcufinder
2025-07-28 16:32:46,457 [INFO] DbMcusAds:125 - Set database path to: /home/krushna/.stmcufinder/plugins/mcufinder//mcu/
2025-07-28 16:32:46,457 [WARN] DbFile:41 - Overriding database path with different value: /home/krushna/.stmcufinder/plugins/mcufinder/ => /home/krushna/.stmcufinder/plugins/mcufinder
2025-07-28 16:32:46,457 [WARN] DbFile:41 - Overriding database path with different value: /home/krushna/.stmcufinder/plugins/mcufinder/ => /home/krushna/.stmcufinder/plugins/mcufinder
2025-07-28 16:32:46,457 [INFO] CrossReferenceDbSqlite:203 - Set database path to: /home/krushna/.stmcufinder/plugins/mcufinder//mcu/cs/
2025-07-28 16:32:46,465 [INFO] ApplicationProperties:184 - Using Application install path: /opt/st/stm32cubeide_1.18.0/plugins/com.st.stm32cube.common.mx_6.14.0.202502271554
2025-07-28 16:32:46,466 [INFO] PluginManage:196 - Search for loadable plugins [exclusion list=, ]
2025-07-28 16:32:46,467 [INFO] PluginManage:310 - Check plugin analytics
2025-07-28 16:32:46,556 [INFO] AnalyticsPlugin:253 - Accepted Software Licenses: 
2025-07-28 16:32:46,557 [INFO] AnalyticsPlugin:255 - Accepted CMSIS Pack Licenses: 
2025-07-28 16:32:46,557 [INFO] AnalyticsPlugin:257 - Accepted Firmware Licenses: FW.F4.1.28.0
2025-07-28 16:32:46,558 [INFO] PluginManage:359 - Loaded plugin analytics (category:tool,tabindex:-1)
2025-07-28 16:32:46,559 [INFO] PluginManage:310 - Check plugin cadmodel
2025-07-28 16:32:46,561 [INFO] CADModel:105 - Init CAD model plugin
2025-07-28 16:32:46,561 [INFO] PluginManage:359 - Loaded plugin cadmodel (category:power,tabindex:5)
2025-07-28 16:32:46,561 [INFO] PluginManage:310 - Check plugin clock
2025-07-28 16:32:46,566 [INFO] PluginManage:359 - Loaded plugin clock (category:base,tabindex:2)
2025-07-28 16:32:46,567 [INFO] PluginManage:310 - Check plugin ddr
2025-07-28 16:32:46,568 [INFO] PluginManage:359 - Loaded plugin ddr (category:tool,tabindex:6)
2025-07-28 16:32:46,568 [INFO] PluginManage:310 - Check plugin filemanager
2025-07-28 16:32:46,655 [INFO] PluginManage:359 - Loaded plugin filemanager (category:base,tabindex:10)
2025-07-28 16:32:46,656 [INFO] PluginManage:310 - Check plugin ipmanager
2025-07-28 16:32:46,658 [INFO] PluginManage:359 - Loaded plugin ipmanager (category:base,tabindex:5)
2025-07-28 16:32:46,659 [INFO] PluginManage:310 - Check plugin lpbam
2025-07-28 16:32:46,664 [INFO] PluginManage:359 - Loaded plugin lpbam (category:base,tabindex:0)
2025-07-28 16:32:46,664 [INFO] PluginManage:310 - Check plugin memorymap
2025-07-28 16:32:46,670 [INFO] PluginManage:359 - Loaded plugin memorymap (category:base,tabindex:4)
2025-07-28 16:32:46,670 [INFO] PluginManage:310 - Check plugin pinoutandconfiguration
2025-07-28 16:32:46,673 [INFO] PluginManage:359 - Loaded plugin pinoutandconfiguration (category:base,tabindex:1)
2025-07-28 16:32:46,673 [INFO] PluginManage:310 - Check plugin pinoutconfig
2025-07-28 16:32:46,717 [WARN] SupportedApi:132 - Cannot load RTOS API schema: s4s-elt-must-match.1: The content of 'definitions' must match (annotation?, (simpleType | complexType)?, (unique | key | keyref)*)). A problem was found starting at: attribute.
2025-07-28 16:32:46,815 [INFO] PluginManage:359 - Loaded plugin pinoutconfig (category:base,tabindex:0)
2025-07-28 16:32:46,815 [INFO] PluginManage:310 - Check plugin power
2025-07-28 16:32:46,820 [INFO] PluginManage:359 - Loaded plugin power (category:power,tabindex:4)
2025-07-28 16:32:46,820 [INFO] PluginManage:310 - Check plugin projectmanager
2025-07-28 16:32:46,834 [INFO] PluginManage:359 - Loaded plugin projectmanager (category:projectmanager,tabindex:4)
2025-07-28 16:32:46,834 [INFO] PluginManage:310 - Check plugin rif
2025-07-28 16:32:46,840 [INFO] PluginManage:359 - Loaded plugin rif (category:base,tabindex:3)
2025-07-28 16:32:46,840 [INFO] PluginManage:310 - Check plugin thirdparty
2025-07-28 16:32:46,911 [INFO] PluginManage:359 - Loaded plugin thirdparty (category:base,tabindex:-1)
2025-07-28 16:32:46,912 [INFO] PluginManage:310 - Check plugin tools
2025-07-28 16:32:46,911 [WARN] IntegrityCheckThread:84 - waiting for thirdparty lock release [integrity check]
2025-07-28 16:32:46,912 [INFO] IntegrityCheckThread:86 - entering critical section [integrity check]
2025-07-28 16:32:46,912 [INFO] ThirdPartyUpdaterWithRetryManager:70 - Updater plugin not ready yet. [1/15]
2025-07-28 16:32:46,914 [INFO] PluginManage:359 - Loaded plugin tools (category:base,tabindex:7)
2025-07-28 16:32:46,914 [INFO] PluginManage:310 - Check plugin tutovideos
2025-07-28 16:32:47,014 [INFO] PluginManage:359 - Loaded plugin tutovideos (category:base,tabindex:-1)
2025-07-28 16:32:47,014 [INFO] PluginManage:310 - Check plugin updater
2025-07-28 16:32:47,029 [INFO] PluginManage:359 - Loaded plugin updater (category:base,tabindex:12)
2025-07-28 16:32:47,029 [INFO] PluginManage:310 - Check plugin userauth
2025-07-28 16:32:47,031 [INFO] UserAuth:118 - Init User Auth plugin
2025-07-28 16:32:47,032 [INFO] PluginManage:359 - Loaded plugin userauth (category:base,tabindex:14)
2025-07-28 16:32:47,032 [INFO] PluginManage:283 - PluginManage : Loaded plugins [18]
2025-07-28 16:32:47,137 [INFO] PinOutPanel:1589 - setPackage(No Configuration,No Configuration)
2025-07-28 16:32:47,180 [INFO] CADModel:165 - CPN selected for project level
2025-07-28 16:32:47,180 [INFO] CADModel:114 - Register for checkConnection events
2025-07-28 16:32:47,187 [INFO] IPUIPlugin:80 - create IPUIPlugin
2025-07-28 16:32:47,188 [INFO] PluginManager:220 - loadIPPluginJar : add gic
2025-07-28 16:32:47,197 [INFO] IPUIPlugin:80 - create IPUIPlugin
2025-07-28 16:32:47,197 [INFO] PluginManager:220 - loadIPPluginJar : add stm32_wpan
2025-07-28 16:32:47,199 [INFO] IPUIPlugin:80 - create IPUIPlugin
2025-07-28 16:32:47,199 [INFO] PluginManager:220 - loadIPPluginJar : add genericplugin
2025-07-28 16:32:47,200 [INFO] IPUIPlugin:80 - create IPUIPlugin
2025-07-28 16:32:47,200 [INFO] PluginManager:220 - loadIPPluginJar : add spi
2025-07-28 16:32:47,201 [INFO] IPUIPlugin:80 - create IPUIPlugin
2025-07-28 16:32:47,201 [INFO] PluginManager:220 - loadIPPluginJar : add usart
2025-07-28 16:32:47,203 [INFO] IPUIPlugin:80 - create IPUIPlugin
2025-07-28 16:32:47,203 [INFO] PluginManager:220 - loadIPPluginJar : add extmemmanager
2025-07-28 16:32:47,203 [INFO] IPUIPlugin:80 - create IPUIPlugin
2025-07-28 16:32:47,203 [INFO] PluginManager:220 - loadIPPluginJar : add comp
2025-07-28 16:32:47,204 [INFO] IPUIPlugin:80 - create IPUIPlugin
2025-07-28 16:32:47,204 [INFO] PluginManager:220 - loadIPPluginJar : add i2s
2025-07-28 16:32:47,206 [INFO] IPUIPlugin:80 - create IPUIPlugin
2025-07-28 16:32:47,206 [INFO] PluginManager:220 - loadIPPluginJar : add tim
2025-07-28 16:32:47,207 [INFO] IPUIPlugin:80 - create IPUIPlugin
2025-07-28 16:32:47,208 [INFO] PluginManager:220 - loadIPPluginJar : add touchsensing
2025-07-28 16:32:47,209 [INFO] IPUIPlugin:80 - create IPUIPlugin
2025-07-28 16:32:47,209 [INFO] PluginManager:220 - loadIPPluginJar : add opamp
2025-07-28 16:32:47,214 [INFO] IPUIPlugin:80 - create IPUIPlugin
2025-07-28 16:32:47,214 [INFO] PluginManager:220 - loadIPPluginJar : add dma
2025-07-28 16:32:47,218 [INFO] IPUIPlugin:80 - create IPUIPlugin
2025-07-28 16:32:47,221 [INFO] PluginManager:220 - loadIPPluginJar : add plateformsettings
2025-07-28 16:32:47,222 [INFO] IPUIPlugin:80 - create IPUIPlugin
2025-07-28 16:32:47,222 [INFO] PluginManager:220 - loadIPPluginJar : add i3c
2025-07-28 16:32:47,224 [INFO] IPUIPlugin:80 - create IPUIPlugin
2025-07-28 16:32:47,224 [INFO] PluginManager:220 - loadIPPluginJar : add ddr_ctrl_phy
2025-07-28 16:32:47,227 [INFO] IPUIPlugin:80 - create IPUIPlugin
2025-07-28 16:32:47,227 [INFO] PluginManager:220 - loadIPPluginJar : add ipddr
2025-07-28 16:32:47,228 [INFO] IPUIPlugin:80 - create IPUIPlugin
2025-07-28 16:32:47,228 [INFO] PluginManager:220 - loadIPPluginJar : add ucpd
2025-07-28 16:32:47,229 [INFO] IPUIPlugin:80 - create IPUIPlugin
2025-07-28 16:32:47,230 [INFO] PluginManager:220 - loadIPPluginJar : add aes
2025-07-28 16:32:47,230 [INFO] IPUIPlugin:80 - create IPUIPlugin
2025-07-28 16:32:47,231 [INFO] PluginManager:220 - loadIPPluginJar : add radio
2025-07-28 16:32:47,232 [INFO] IPUIPlugin:80 - create IPUIPlugin
2025-07-28 16:32:47,232 [INFO] PluginManager:220 - loadIPPluginJar : add lorawan
2025-07-28 16:32:47,234 [INFO] IPUIPlugin:80 - create IPUIPlugin
2025-07-28 16:32:47,234 [INFO] PluginManager:220 - loadIPPluginJar : add i2c
2025-07-28 16:32:47,236 [INFO] IPUIPlugin:80 - create IPUIPlugin
2025-07-28 16:32:47,236 [INFO] PluginManager:220 - loadIPPluginJar : add sai
2025-07-28 16:32:47,241 [INFO] IPUIPlugin:80 - create IPUIPlugin
2025-07-28 16:32:47,241 [INFO] PluginManager:220 - loadIPPluginJar : add mdma
2025-07-28 16:32:47,243 [INFO] IPUIPlugin:80 - create IPUIPlugin
2025-07-28 16:32:47,243 [INFO] PluginManager:220 - loadIPPluginJar : add quadspi
2025-07-28 16:32:47,244 [INFO] IPUIPlugin:80 - create IPUIPlugin
2025-07-28 16:32:47,244 [INFO] PluginManager:220 - loadIPPluginJar : add dma3
2025-07-28 16:32:47,245 [INFO] IPUIPlugin:80 - create IPUIPlugin
2025-07-28 16:32:47,246 [INFO] PluginManager:220 - loadIPPluginJar : add gfxmmu
2025-07-28 16:32:47,247 [INFO] IPUIPlugin:80 - create IPUIPlugin
2025-07-28 16:32:47,247 [INFO] PluginManager:220 - loadIPPluginJar : add ltdc
2025-07-28 16:32:47,250 [INFO] IPUIPlugin:80 - create IPUIPlugin
2025-07-28 16:32:47,250 [INFO] PluginManager:220 - loadIPPluginJar : add fmc
2025-07-28 16:32:47,255 [INFO] IPUIPlugin:80 - create IPUIPlugin
2025-07-28 16:32:47,255 [INFO] PluginManager:220 - loadIPPluginJar : add adc
2025-07-28 16:32:47,256 [INFO] IPUIPlugin:80 - create IPUIPlugin
2025-07-28 16:32:47,256 [INFO] PluginManager:220 - loadIPPluginJar : add fatfs
2025-07-28 16:32:47,257 [INFO] IPUIPlugin:80 - create IPUIPlugin
2025-07-28 16:32:47,257 [INFO] PluginManager:220 - loadIPPluginJar : add tsc
2025-07-28 16:32:47,259 [INFO] IPUIPlugin:80 - create IPUIPlugin
2025-07-28 16:32:47,259 [INFO] PluginManager:220 - loadIPPluginJar : add pdm2pcm
2025-07-28 16:32:47,261 [INFO] IPUIPlugin:80 - create IPUIPlugin
2025-07-28 16:32:47,262 [INFO] PluginManager:220 - loadIPPluginJar : add nvic
2025-07-28 16:32:47,263 [INFO] IPUIPlugin:80 - create IPUIPlugin
2025-07-28 16:32:47,263 [INFO] PluginManager:220 - loadIPPluginJar : add cryp
2025-07-28 16:32:47,265 [INFO] IPUIPlugin:80 - create IPUIPlugin
2025-07-28 16:32:47,265 [INFO] PluginManager:220 - loadIPPluginJar : add gpio
2025-07-28 16:32:47,271 [INFO] IPUIPlugin:80 - create IPUIPlugin
2025-07-28 16:32:47,271 [INFO] PluginManager:220 - loadIPPluginJar : add linkedlist
2025-07-28 16:32:47,272 [INFO] IPUIPlugin:80 - create IPUIPlugin
2025-07-28 16:32:47,272 [INFO] PluginManager:220 - loadIPPluginJar : add hash
2025-07-28 16:32:47,274 [INFO] IPUIPlugin:80 - create IPUIPlugin
2025-07-28 16:32:47,274 [INFO] PluginManager:220 - loadIPPluginJar : add openamp
2025-07-28 16:32:47,275 [INFO] IPUIPlugin:80 - create IPUIPlugin
2025-07-28 16:32:47,275 [INFO] PluginManager:220 - loadIPPluginJar : add ts
2025-07-28 16:32:47,277 [INFO] IPUIPlugin:80 - create IPUIPlugin
2025-07-28 16:32:47,277 [INFO] PluginManager:220 - loadIPPluginJar : add can
2025-07-28 16:32:47,279 [INFO] IPUIPlugin:80 - create IPUIPlugin
2025-07-28 16:32:47,279 [INFO] PluginManager:220 - loadIPPluginJar : add gtzc
2025-07-28 16:32:47,281 [INFO] IPUIPlugin:80 - create IPUIPlugin
2025-07-28 16:32:47,281 [INFO] PluginManager:220 - loadIPPluginJar : add tracer_emb
2025-07-28 16:32:47,283 [INFO] IPUIPlugin:80 - create IPUIPlugin
2025-07-28 16:32:47,283 [INFO] PluginManager:220 - loadIPPluginJar : add usbx
2025-07-28 16:32:47,285 [INFO] IPUIPlugin:80 - create IPUIPlugin
2025-07-28 16:32:47,285 [INFO] PluginManager:220 - loadIPPluginJar : add dfsdm
2025-07-28 16:32:47,288 [INFO] IPUIPlugin:80 - create IPUIPlugin
2025-07-28 16:32:47,288 [INFO] PluginManager:220 - loadIPPluginJar : add freertos
2025-07-28 16:32:47,291 [INFO] IPUIPlugin:80 - create IPUIPlugin
2025-07-28 16:32:47,291 [INFO] PluginManager:220 - loadIPPluginJar : add resmgrutility
2025-07-28 16:32:47,381 [FATAL] Updater:351 - Updater called before beeing initialized
2025-07-28 16:32:47,396 [INFO] RulesReader:64 - Compatibility file has been processed (301 Rules)
2025-07-28 16:32:47,402 [INFO] RulesReader:64 - Compatibility file has been processed (301 Rules)
2025-07-28 16:32:47,406 [INFO] CADModel:165 - CPN selected for project level
2025-07-28 16:32:47,407 [INFO] CADModel:114 - Register for checkConnection events
2025-07-28 16:32:47,407 [FATAL] Updater:351 - Updater called before beeing initialized
2025-07-28 16:32:47,407 [ERROR] CADModel:125 - Updater not yet initialized, retry later 
2025-07-28 16:32:47,484 [FATAL] Updater:351 - Updater called before beeing initialized
2025-07-28 16:32:47,485 [INFO] CADModel:165 - CPN selected for project level
2025-07-28 16:32:47,485 [INFO] CADModel:114 - Register for checkConnection events
2025-07-28 16:32:47,485 [FATAL] Updater:351 - Updater called before beeing initialized
2025-07-28 16:32:47,485 [ERROR] CADModel:125 - Updater not yet initialized, retry later 
2025-07-28 16:32:47,488 [FATAL] Updater:351 - Updater called before beeing initialized
2025-07-28 16:32:47,537 [FATAL] Updater:351 - Updater called before beeing initialized
2025-07-28 16:32:47,541 [INFO] DbMcusAds:53 - JSON generation date=Tue Jul 08 13:44:23 IST 2025 (1751962463562)
2025-07-28 16:32:47,542 [FATAL] Updater:351 - Updater called before beeing initialized
2025-07-28 16:32:47,563 [WARN] DetailPanel:346 - Failed to get advertising image, set to default
2025-07-28 16:32:47,726 [FATAL] Updater:351 - Updater called before beeing initialized
2025-07-28 16:32:47,727 [FATAL] Updater:351 - Updater called before beeing initialized
2025-07-28 16:32:47,727 [FATAL] Updater:351 - Updater called before beeing initialized
2025-07-28 16:32:47,727 [WARN] DetailPanel:346 - Failed to get advertising image, set to default
2025-07-28 16:32:47,728 [FATAL] Updater:351 - Updater called before beeing initialized
2025-07-28 16:32:47,755 [ERROR] Updater:1198 - MainUpdater not yet initialized. External WinMGr cannot be set.
2025-07-28 16:32:47,756 [INFO] Updater:1134 - Updater Version found : 6.14.0
2025-07-28 16:32:47,771 [INFO] ApplicationProperties:184 - Using Application install path: /opt/st/stm32cubeide_1.18.0/plugins/com.st.stm32cube.common.mx_6.14.0.202502271554
2025-07-28 16:32:47,781 [ERROR] LogOutputStream:75 - [STDERR_REDIRECT] Jul 28, 2025 4:32:47 PM java.util.prefs.FileSystemPreferences$2 run
2025-07-28 16:32:47,781 [ERROR] LogOutputStream:75 - [STDERR_REDIRECT] WARNING: Could not create system preferences directory. System preferences are unusable.
2025-07-28 16:32:47,781 [ERROR] LogOutputStream:75 - [STDERR_REDIRECT] 
2025-07-28 16:32:47,946 [INFO] MainUpdater:2872 - connection check result : 10
2025-07-28 16:32:47,946 [INFO] MainUpdater:289 - Updater Check For Update Now.
2025-07-28 16:32:47,947 [INFO] MicroXplorer:498 - Change Database Version : DB.6.0.140
2025-07-28 16:32:47,952 [INFO] McuFinderGlobals:63 - Set McuFinder mode to 2 (CubeIDE integrated)
2025-07-28 16:32:47,952 [INFO] UserAuth:486 - Internet connection configuration mode: 1
2025-07-28 16:32:47,968 [INFO] JxBrowserEngine:152 - Initiate JxBrowser Engine with user profile folder
2025-07-28 16:32:48,146 [INFO] CheckServerUpdateThread:120 - End of CheckServer Thread
2025-07-28 16:32:48,504 [INFO] WebApp:169 - Instantiating new browser for Auth
2025-07-28 16:32:49,047 [INFO] WebApp:463 - Apply proxy settings
2025-07-28 16:32:49,047 [INFO] WebApp:548 - Chromium requires no authentication
2025-07-28 16:32:49,053 [INFO] WebApp:491 - Direct internet connection detected
2025-07-28 16:32:49,070 [INFO] WebApp:894 - Register for checkConnection events
2025-07-28 16:32:49,070 [INFO] WebApp:463 - Apply proxy settings
2025-07-28 16:32:49,070 [INFO] WebApp:548 - Chromium requires no authentication
2025-07-28 16:32:49,071 [INFO] WebApp:491 - Direct internet connection detected
2025-07-28 16:32:49,187 [INFO] WebApp:225 - Starting web application
2025-07-28 16:32:49,187 [INFO] WebApp:593 - Web application path used /opt/st/stm32cubeide_1.18.0/plugins/com.st.stm32cube.common.mx_6.14.0.202502271554/db/plugins/mcufinder/reactClient1/index.html
2025-07-28 16:32:49,283 [INFO] UserAuth:486 - Internet connection configuration mode: 1
2025-07-28 16:32:49,297 [INFO] WebApp:191 - Connection restablished
2025-07-28 16:32:50,000 [WARN] PackLoader:240 - Cannot read IP mode file for STMicroelectronics.FP-SNS-MOTENVWB1.1.4.0
2025-07-28 16:32:50,029 [WARN] PackLoader:240 - Cannot read IP mode file for STMicroelectronics.X-CUBE-SMBUS.2.1.0
2025-07-28 16:32:50,040 [WARN] PackLoader:240 - Cannot read IP mode file for STMicroelectronics.X-CUBE-WB05N.1.1.0
2025-07-28 16:32:50,079 [WARN] PackLoader:240 - Cannot read IP mode file for STMicroelectronics.X-CUBE-AZRTOS-F7.1.1.0
2025-07-28 16:32:50,117 [WARN] PackLoader:240 - Cannot read IP mode file for Infineon.AIROC-Wi-Fi-Bluetooth-STM32.1.7.0
2025-07-28 16:32:50,157 [WARN] PackLoader:240 - Cannot read IP mode file for STMicroelectronics.X-CUBE-AZRTOS-H7.3.4.0
2025-07-28 16:32:50,172 [WARN] PackLoader:240 - Cannot read IP mode file for STMicroelectronics.X-CUBE-DISPLAY.3.0.0
2025-07-28 16:32:50,186 [WARN] PackLoader:240 - Cannot read IP mode file for STMicroelectronics.X-CUBE-NFC10.1.0.0
2025-07-28 16:32:50,196 [WARN] PackLoader:240 - Cannot read IP mode file for STMicroelectronics.X-CUBE-BLEMGR.4.0.0
2025-07-28 16:32:50,202 [WARN] ConditionMgr:438 - getConditionDescription Invalid condition id : Cortex-A Device cause : null
2025-07-28 16:32:50,213 [WARN] ConditionMgr:1044 - genDependencies : Invalid condition id : Cortex-A Device cause : null
2025-07-28 16:32:50,213 [WARN] ConditionMgr:1044 - genDependencies : Invalid condition id : Cortex-A Device cause : null
2025-07-28 16:32:50,213 [WARN] ConditionMgr:1044 - genDependencies : Invalid condition id : Cortex-A Device cause : null
2025-07-28 16:32:50,216 [WARN] PackLoader:240 - Cannot read IP mode file for STMicroelectronics.X-CUBE-AI.10.0.0
2025-07-28 16:32:50,219 [WARN] PackLoader:240 - Cannot read IP mode file for STMicroelectronics.FP-SNS-SMARTAG2.1.2.0
2025-07-28 16:32:50,259 [WARN] PackLoader:240 - Cannot read IP mode file for STMicroelectronics.X-CUBE-MEMS1.11.1.0
2025-07-28 16:32:50,421 [INFO] LogOutputStream:77 - [STDOUT_REDIRECT] 1 : Invalid condition id : UX_CORESTACK_Condition cause : null
2025-07-28 16:32:50,422 [INFO] LogOutputStream:77 - [STDOUT_REDIRECT] 1 : Invalid condition id : UX_CORESTACK_Condition cause : null
2025-07-28 16:32:50,422 [INFO] LogOutputStream:77 - [STDOUT_REDIRECT] 1 : Invalid condition id : UX_CORESTACK_Condition cause : null
2025-07-28 16:32:50,422 [INFO] LogOutputStream:77 - [STDOUT_REDIRECT] 1 : Invalid condition id : UX_CORESTACK_Condition cause : null
2025-07-28 16:32:50,423 [INFO] LogOutputStream:77 - [STDOUT_REDIRECT] 1 : Invalid condition id : UX_CORESTACK_Condition cause : null
2025-07-28 16:32:50,426 [WARN] PackLoader:240 - Cannot read IP mode file for STMicroelectronics.X-CUBE-AZRTOS-WL.2.0.0
2025-07-28 16:32:50,430 [WARN] PackLoader:240 - Cannot read IP mode file for STMicroelectronics.FP-SNS-MOTENV1.5.0.0
2025-07-28 16:32:50,436 [WARN] PackLoader:240 - Cannot read IP mode file for WES.I-CUBE-Cesium.1.3.0
2025-07-28 16:32:50,440 [WARN] PackLoader:240 - Cannot read IP mode file for STMicroelectronics.X-CUBE-BLE2.3.3.0
2025-07-28 16:32:50,446 [WARN] PackLoader:240 - Cannot read IP mode file for STMicroelectronics.X-CUBE-NFC9.1.0.0
2025-07-28 16:32:50,450 [WARN] PackLoader:240 - Cannot read IP mode file for wolfSSL.I-CUBE-wolfMQTT.1.19.2
2025-07-28 16:32:50,455 [WARN] PackLoader:240 - Cannot read IP mode file for STMicroelectronics.X-CUBE-EEPRMA1.5.2.0
2025-07-28 16:32:50,497 [WARN] PackLoader:240 - Cannot read IP mode file for STMicroelectronics.X-CUBE-MEMS1.11.2.0
2025-07-28 16:32:50,593 [WARN] PackLoader:240 - Cannot read IP mode file for STMicroelectronics.X-CUBE-AZRTOS-G0.1.1.0
2025-07-28 16:32:50,598 [WARN] PackLoader:240 - Cannot read IP mode file for STMicroelectronics.X-CUBE-SAFEA1.1.2.2
2025-07-28 16:32:50,601 [WARN] PackLoader:240 - Cannot read IP mode file for STMicroelectronics.X-CUBE-NFC4.3.0.0
2025-07-28 16:32:50,607 [WARN] PackLoader:240 - Cannot read IP mode file for EmbeddedOffice.I-CUBE-FS-RTOS.1.0.1
2025-07-28 16:32:50,609 [WARN] PackLoader:240 - Cannot read IP mode file for wolfSSL.I-CUBE-wolfTPM.3.8.0
2025-07-28 16:32:50,613 [WARN] PackLoader:240 - Cannot read IP mode file for STMicroelectronics.X-CUBE-TCPP.4.2.0
2025-07-28 16:32:50,617 [WARN] PackLoader:240 - Cannot read IP mode file for RealThread.X-CUBE-RT-Thread_Nano.4.1.1
2025-07-28 16:32:50,619 [WARN] PackLoader:240 - Cannot read IP mode file for STMicroelectronics.FP-ATR-SIGFOX1.3.2.0
2025-07-28 16:32:50,623 [WARN] PackLoader:240 - Cannot read IP mode file for STMicroelectronics.X-CUBE-EEPRMA1.5.1.0
2025-07-28 16:32:50,627 [WARN] PackLoader:240 - Cannot read IP mode file for wolfSSL.I-CUBE-wolfSSL.5.7.6
2025-07-28 16:32:50,636 [WARN] PackLoader:240 - Cannot read IP mode file for STMicroelectronics.X-CUBE-ST67W61.1.0.0
2025-07-28 16:32:50,672 [WARN] PackLoader:240 - Cannot read IP mode file for SEGGER.I-CUBE-embOS.1.3.1
2025-07-28 16:32:50,764 [WARN] PackLoader:240 - Cannot read IP mode file for STMicroelectronics.X-CUBE-ALGOBUILD.1.4.0
2025-07-28 16:32:50,816 [WARN] PackLoader:240 - Cannot read IP mode file for STMicroelectronics.X-CUBE-MEMS1.11.3.0
2025-07-28 16:32:50,917 [WARN] PackLoader:240 - Cannot read IP mode file for STMicroelectronics.X-CUBE-PM33A1.1.0.0
2025-07-28 16:32:50,928 [WARN] PackLoader:240 - Cannot read IP mode file for STMicroelectronics.X-CUBE-AZRTOS-F4.1.1.0
2025-07-28 16:32:50,932 [WARN] PackLoader:240 - Cannot read IP mode file for Avnet-IotConnect.X-CUBE-IoTC-DA16k-PMOD.1.0.0
2025-07-28 16:32:50,934 [WARN] PackLoader:240 - Cannot read IP mode file for STMicroelectronics.X-CUBE-ISPU.2.1.0
2025-07-28 16:32:50,939 [WARN] PackLoader:240 - Cannot read IP mode file for STMicroelectronics.X-CUBE-NFC12.1.0.0
2025-07-28 16:32:50,950 [WARN] PackLoader:240 - Cannot read IP mode file for STMicroelectronics.X-CUBE-AZRTOS-L5.2.0.0
2025-07-28 16:32:50,957 [WARN] PackLoader:240 - Cannot read IP mode file for STMicroelectronics.X-CUBE-NFC6.3.1.0
2025-07-28 16:32:50,962 [WARN] PackLoader:240 - Cannot read IP mode file for STMicroelectronics.X-CUBE-DPower.1.2.0
2025-07-28 16:32:50,965 [WARN] PackLoader:240 - Cannot read IP mode file for STMicroelectronics.X-CUBE-FREERTOS.1.3.0
2025-07-28 16:32:50,968 [WARN] PackLoader:240 - Cannot read IP mode file for STMicroelectronics.X-CUBE-NFC7.1.0.1
2025-07-28 16:32:50,972 [WARN] PackLoader:240 - Cannot read IP mode file for STMicroelectronics.FP-SNS-STAIOTCFT.1.0.0
2025-07-28 16:32:50,975 [WARN] PackLoader:240 - Cannot read IP mode file for STMicroelectronics.X-CUBE-DPower.1.3.0
2025-07-28 16:32:50,987 [WARN] ConditionMgr:438 - getConditionDescription Invalid condition id : LAN8742 Phy interface Condition cause : null
2025-07-28 16:32:50,987 [WARN] PackLoader:240 - Cannot read IP mode file for STMicroelectronics.X-CUBE-AZRTOS-L4.2.0.0
2025-07-28 16:32:50,988 [WARN] ConditionMgr:1044 - genDependencies : Invalid condition id : LAN8742 Phy interface Condition cause : null
2025-07-28 16:32:50,988 [WARN] ConditionMgr:1044 - genDependencies : Invalid condition id : LAN8742 Phy interface Condition cause : null
2025-07-28 16:32:50,989 [WARN] ConditionMgr:1044 - genDependencies : Invalid condition id : LAN8742 Phy interface Condition cause : null
2025-07-28 16:32:50,993 [WARN] PackLoader:240 - Cannot read IP mode file for STMicroelectronics.X-CUBE-SFXS2LP1.4.0.0
2025-07-28 16:32:51,006 [WARN] PackLoader:240 - Cannot read IP mode file for STMicroelectronics.X-CUBE-AZRTOS-H7.3.3.0
2025-07-28 16:32:51,015 [WARN] PackLoader:240 - Cannot read IP mode file for STMicroelectronics.X-CUBE-BLEMGR.4.1.0
2025-07-28 16:32:51,034 [WARN] ConditionMgr:438 - getConditionDescription Invalid condition id : UX DEVICE CLASS RTOS Condition cause : null
2025-07-28 16:32:51,034 [WARN] ConditionMgr:438 - getConditionDescription Invalid condition id : UX DEVICE CLASS RTOS Condition cause : null
2025-07-28 16:32:51,035 [WARN] PackLoader:240 - Cannot read IP mode file for STMicroelectronics.X-CUBE-AZRTOS-WB.2.0.0
2025-07-28 16:32:51,036 [WARN] ConditionMgr:1044 - genDependencies : Invalid condition id : UX DEVICE CLASS RTOS Condition cause : null
2025-07-28 16:32:51,036 [WARN] ConditionMgr:1044 - genDependencies : Invalid condition id : UX DEVICE CLASS RTOS Condition cause : null
2025-07-28 16:32:51,036 [WARN] ConditionMgr:1044 - genDependencies : Invalid condition id : UX DEVICE CLASS RTOS Condition cause : null
2025-07-28 16:32:51,036 [WARN] ConditionMgr:1044 - genDependencies : Invalid condition id : UX DEVICE CLASS RTOS Condition cause : null
2025-07-28 16:32:51,036 [WARN] ConditionMgr:1044 - genDependencies : Invalid condition id : UX DEVICE CLASS RTOS Condition cause : null
2025-07-28 16:32:51,040 [WARN] PackLoader:240 - Cannot read IP mode file for STMicroelectronics.X-CUBE-GNSS1.7.0.1
2025-07-28 16:32:51,044 [WARN] PackLoader:240 - Cannot read IP mode file for STMicroelectronics.X-CUBE-TOUCHGFX.4.25.0
2025-07-28 16:32:51,048 [WARN] PackLoader:240 - Cannot read IP mode file for STMicroelectronics.FP-SNS-STBOX1.2.0.0
2025-07-28 16:32:51,055 [WARN] PackLoader:240 - Cannot read IP mode file for STMicroelectronics.X-CUBE-SUBG2.5.0.0
2025-07-28 16:32:51,072 [WARN] PackLoader:240 - Cannot read IP mode file for STMicroelectronics.X-CUBE-AZRTOS-H7RS.1.1.0
2025-07-28 16:32:51,077 [WARN] PackLoader:240 - Cannot read IP mode file for Cesanta.I-CUBE-Mongoose.7.13.0
2025-07-28 16:32:51,086 [WARN] PackLoader:240 - Cannot read IP mode file for STMicroelectronics.X-CUBE-AZRTOS-G4.2.0.0
2025-07-28 16:32:51,089 [WARN] PackLoader:240 - Cannot read IP mode file for wolfSSL.I-CUBE-wolfSSH.1.4.20
2025-07-28 16:32:51,096 [WARN] PackLoader:240 - Cannot read IP mode file for STMicroelectronics.X-CUBE-IPS.3.1.0
2025-07-28 16:32:51,103 [WARN] PackLoader:240 - Cannot read IP mode file for STMicroelectronics.X-CUBE-ALS.1.0.2
2025-07-28 16:32:51,106 [WARN] PackLoader:240 - Cannot read IP mode file for portGmbH.I-Cube-SoM-uGOAL.1.1.0
2025-07-28 16:32:51,112 [WARN] PackLoader:240 - Cannot read IP mode file for STMicroelectronics.X-CUBE-TOF1.3.4.2
2025-07-28 16:32:51,121 [INFO] ThirdParty:978 - Integrity check success = true
2025-07-28 16:32:51,121 [INFO] IntegrityCheckThread:100 - exiting critical section [integrity check]
2025-07-28 16:32:51,121 [INFO] IntegrityCheckThread:103 - End integrity checks thread
2025-07-28 16:33:16,393 [ERROR] LogOutputStream:75 - [STDERR_REDIRECT] Jul 28, 2025 4:33:16 PM java.util.prefs.FileSystemPreferences checkLockFile0ErrorCode
2025-07-28 16:33:16,394 [ERROR] LogOutputStream:75 - [STDERR_REDIRECT] WARNING: Could not lock System prefs. Unix error code 2.
2025-07-28 16:33:16,395 [ERROR] LogOutputStream:75 - [STDERR_REDIRECT] 
2025-07-28 16:33:16,396 [ERROR] LogOutputStream:75 - [STDERR_REDIRECT] Jul 28, 2025 4:33:16 PM java.util.prefs.FileSystemPreferences syncWorld
2025-07-28 16:33:16,396 [ERROR] LogOutputStream:75 - [STDERR_REDIRECT] WARNING: Couldn't flush system prefs: java.util.prefs.BackingStoreException: Couldn't get file lock.
2025-07-28 16:33:16,397 [ERROR] LogOutputStream:75 - [STDERR_REDIRECT] 
2025-07-28 16:33:19,343 [ERROR] LogOutputStream:75 - [STDERR_REDIRECT] 
